{
  "stats": {
    "suites": 1,
    "tests": 7,
    "passes": 7,
    "pending": 0,
    "failures": 0,
    "start": "2021-04-30T20:56:44.206Z",
    "end": "2021-04-30T20:57:50.240Z",
    "duration": 66034,
    "testsRegistered": 7,
    "passPercent": 100,
    "pendingPercent": 0,
    "other": 0,
    "hasOther": false,
    "skipped": 0,
    "hasSkipped": false
  },
  "results": [
    {
      "uuid": "91cc3b59-59dd-40e7-9550-3cc6f9a818c4",
      "title": "",
      "fullFile": "cypress/integration/page-objects.spec.js",
      "file": "cypress/integration/page-objects.spec.js",
      "beforeHooks": [],
      "afterHooks": [],
      "tests": [],
      "suites": [
        {
          "uuid": "13f2b286-3e17-48fd-8e27-edd5d7a19f81",
          "title": "Testsuite",
          "fullFile": "",
          "file": "",
          "beforeHooks": [],
          "afterHooks": [],
          "tests": [
            {
              "title": "Create a new client",
              "fullTitle": "Testsuite Create a new client",
              "timedOut": null,
              "duration": 11682,
              "state": "passed",
              "speed": "slow",
              "pass": true,
              "fail": false,
              "pending": false,
              "context": null,
              "code": "indexPage.viewClients(\"Clients\");\ncy.wait(500);\ncy.percySnapshot(\"Clients page\");\nclientsPage.viewNewClient(\"New Client\");\ncy.wait(500);\ncy.percySnapshot(\"New Client Page\");\nnewClientPage.createNewClient(randomName, randomMail, randomPhone, \"Clients\");\nclientsPage.verifyLastClient(randomName, randomMail, randomPhone);\ncy.wait(500);\ncy.percySnapshot(\"New Client is created and verified\");\ncy.wait(500);",
              "err": {},
              "uuid": "ac584b79-4bbd-41bb-8dcf-538e2af5ed82",
              "parentUUID": "13f2b286-3e17-48fd-8e27-edd5d7a19f81",
              "isHook": false,
              "skipped": false
            },
            {
              "title": "Edit last client",
              "fullTitle": "Testsuite Edit last client",
              "timedOut": null,
              "duration": 9411,
              "state": "passed",
              "speed": "slow",
              "pass": true,
              "fail": false,
              "pending": false,
              "context": null,
              "code": "indexPage.viewClients(\"Clients\");\ncy.wait(500);\ncy.percySnapshot(\"Clients page\");\nclientsPage.editLastClient(randomName2, randomMail2, randomPhone2, \"Clients\");\nclientsPage.verifyLastClient(randomName2, randomMail2, randomPhone2, \"Clients\");\ncy.wait(500);\ncy.percySnapshot(\"Last Client is edited and verified\");\ncy.wait(500);",
              "err": {},
              "uuid": "44ff75f5-6032-4c34-ae54-4b1acda015c1",
              "parentUUID": "13f2b286-3e17-48fd-8e27-edd5d7a19f81",
              "isHook": false,
              "skipped": false
            },
            {
              "title": "Delete last client",
              "fullTitle": "Testsuite Delete last client",
              "timedOut": null,
              "duration": 7349,
              "state": "passed",
              "speed": "slow",
              "pass": true,
              "fail": false,
              "pending": false,
              "context": null,
              "code": "indexPage.viewClients(\"Clients\");\ncy.wait(500);\ncy.percySnapshot(\"Clients page\"); //clientsPage.viewNewClient(\"New Client\")\nclientsPage.deleteLastClient();\ncy.wait(500);\ncy.percySnapshot(\"Last Client is removed\");\ncy.wait(500);",
              "err": {},
              "uuid": "6975caca-609c-4438-8673-f1d33969bb90",
              "parentUUID": "13f2b286-3e17-48fd-8e27-edd5d7a19f81",
              "isHook": false,
              "skipped": false
            },
            {
              "title": "Create a new room",
              "fullTitle": "Testsuite Create a new room",
              "timedOut": null,
              "duration": 10012,
              "state": "passed",
              "speed": "slow",
              "pass": true,
              "fail": false,
              "pending": false,
              "context": null,
              "code": "indexPage.viewRooms(\"Rooms\");\ncy.wait(500);\ncy.percySnapshot(\"Rooms page\");\nroomsPage.viewNewRoom(\"New Room\");\ncy.wait(500);\ncy.percySnapshot(\"New Room Page\");\nnewRoomPage.createNewRoom(randomCategory, randomNumber, randomFloor, randomPrice, randomFeature, \"Rooms\");\ncy.wait(500);\nif (randomFeature == \"sea_view\") {\n  randomFeature = \"sea view\";\n}\nroomsPage.verifyLastRoom(randomCategory, randomNumber, randomFloor, randomPrice, randomFeature);\ncy.wait(500);\ncy.percySnapshot(\"New Room is created and verified\");\ncy.wait(500);",
              "err": {},
              "uuid": "69c414e4-9f17-4970-b9da-21d744b4df4a",
              "parentUUID": "13f2b286-3e17-48fd-8e27-edd5d7a19f81",
              "isHook": false,
              "skipped": false
            },
            {
              "title": "Edit last room",
              "fullTitle": "Testsuite Edit last room",
              "timedOut": null,
              "duration": 9882,
              "state": "passed",
              "speed": "slow",
              "pass": true,
              "fail": false,
              "pending": false,
              "context": null,
              "code": "indexPage.viewRooms(\"Rooms\");\ncy.wait(500);\ncy.percySnapshot(\"Rooms page\");\nroomsPage.editLastRoom(randomCategory2, randomNumber2, randomFloor2, randomPrice2, randomFeature2, \"Rooms\");\ncy.wait(500);\nif (randomFeature2 == \"sea_view\") {\n  randomFeature2 = \"sea view\";\n}\nroomsPage.verifyLastRoom(randomCategory2, randomNumber2, randomFloor2, randomPrice2, randomFeature2);\ncy.wait(500);\ncy.percySnapshot(\"Last room is edited and verified\");\ncy.wait(500);",
              "err": {},
              "uuid": "06d56e1a-af34-4106-93fd-87719c375869",
              "parentUUID": "13f2b286-3e17-48fd-8e27-edd5d7a19f81",
              "isHook": false,
              "skipped": false
            },
            {
              "title": "Delete last room",
              "fullTitle": "Testsuite Delete last room",
              "timedOut": null,
              "duration": 7432,
              "state": "passed",
              "speed": "slow",
              "pass": true,
              "fail": false,
              "pending": false,
              "context": null,
              "code": "indexPage.viewRooms(\"Rooms\");\ncy.wait(500);\ncy.percySnapshot(\"Rooms page\"); //clientsPage.viewNewClient(\"New Client\")\nroomsPage.deleteLastRoom();\ncy.wait(500);\ncy.percySnapshot(\"Last Room is removed\");\ncy.wait(500);",
              "err": {},
              "uuid": "952adce4-3143-4daa-aacb-5a8f5758e642",
              "parentUUID": "13f2b286-3e17-48fd-8e27-edd5d7a19f81",
              "isHook": false,
              "skipped": false
            },
            {
              "title": "Logout",
              "fullTitle": "Testsuite Logout",
              "timedOut": null,
              "duration": 5890,
              "state": "passed",
              "speed": "slow",
              "pass": true,
              "fail": false,
              "pending": false,
              "context": null,
              "code": "indexPage.logoutUser(\"Login\");\ncy.wait(500);\ncy.percySnapshot(\"User logges out and returns to Login page\");\ncy.wait(500);",
              "err": {},
              "uuid": "7de5ca1d-4400-4ce6-bbd5-624a80e76d48",
              "parentUUID": "13f2b286-3e17-48fd-8e27-edd5d7a19f81",
              "isHook": false,
              "skipped": false
            }
          ],
          "suites": [],
          "passes": [
            "ac584b79-4bbd-41bb-8dcf-538e2af5ed82",
            "44ff75f5-6032-4c34-ae54-4b1acda015c1",
            "6975caca-609c-4438-8673-f1d33969bb90",
            "69c414e4-9f17-4970-b9da-21d744b4df4a",
            "06d56e1a-af34-4106-93fd-87719c375869",
            "952adce4-3143-4daa-aacb-5a8f5758e642",
            "7de5ca1d-4400-4ce6-bbd5-624a80e76d48"
          ],
          "failures": [],
          "pending": [],
          "skipped": [],
          "duration": 61658,
          "root": false,
          "rootEmpty": false,
          "_timeout": 2000
        }
      ],
      "passes": [],
      "failures": [],
      "pending": [],
      "skipped": [],
      "duration": 0,
      "root": true,
      "rootEmpty": true,
      "_timeout": 2000
    }
  ],
  "meta": {
    "mocha": {
      "version": "7.0.1"
    },
    "mochawesome": {
      "options": {
        "quiet": false,
        "reportFilename": "mochawesome",
        "saveHtml": true,
        "saveJson": true,
        "consoleReporter": "spec",
        "useInlineDiffs": false,
        "code": true
      },
      "version": "6.2.2"
    },
    "marge": {
      "options": {
        "reportDir": "cypress/report/mochawesome-report",
        "overwrite": false,
        "html": true,
        "json": true,
        "timestamp": "mmddyyyy_HHMMss"
      },
      "version": "5.2.0"
    }
  }
}