{
  "stats": {
    "suites": 1,
    "tests": 7,
    "passes": 7,
    "pending": 0,
    "failures": 0,
    "start": "2021-04-30T20:50:21.400Z",
    "end": "2021-04-30T20:51:11.614Z",
    "duration": 50214,
    "testsRegistered": 7,
    "passPercent": 100,
    "pendingPercent": 0,
    "other": 0,
    "hasOther": false,
    "skipped": 0,
    "hasSkipped": false
  },
  "results": [
    {
      "uuid": "9547046f-785b-47b4-9b21-ed83003e7b9f",
      "title": "",
      "fullFile": "cypress/integration/page-objects.spec.js",
      "file": "cypress/integration/page-objects.spec.js",
      "beforeHooks": [],
      "afterHooks": [],
      "tests": [],
      "suites": [
        {
          "uuid": "ee937eb5-6083-4f4d-9a52-aeba38819658",
          "title": "Testsuite",
          "fullFile": "",
          "file": "",
          "beforeHooks": [],
          "afterHooks": [],
          "tests": [
            {
              "title": "Create a new client",
              "fullTitle": "Testsuite Create a new client",
              "timedOut": null,
              "duration": 7811,
              "state": "passed",
              "speed": "slow",
              "pass": true,
              "fail": false,
              "pending": false,
              "context": null,
              "code": "indexPage.viewClients(\"Clients\");\ncy.wait(500);\ncy.percySnapshot(\"Clients page\");\nclientsPage.viewNewClient(\"New Client\");\ncy.wait(500);\ncy.percySnapshot(\"New Client Page\");\nnewClientPage.createNewClient(randomName, randomMail, randomPhone, \"Clients\");\nclientsPage.verifyLastClient(randomName, randomMail, randomPhone);\ncy.wait(500);\ncy.percySnapshot(\"New Client is created and verified\");\ncy.wait(500);",
              "err": {},
              "uuid": "d6d3198c-2f8d-491b-bec1-b42afdb07072",
              "parentUUID": "ee937eb5-6083-4f4d-9a52-aeba38819658",
              "isHook": false,
              "skipped": false
            },
            {
              "title": "Edit last client",
              "fullTitle": "Testsuite Edit last client",
              "timedOut": null,
              "duration": 7616,
              "state": "passed",
              "speed": "slow",
              "pass": true,
              "fail": false,
              "pending": false,
              "context": null,
              "code": "indexPage.viewClients(\"Clients\");\ncy.wait(500);\ncy.percySnapshot(\"Clients page\");\nclientsPage.editLastClient(randomName2, randomMail2, randomPhone2, \"Clients\");\nclientsPage.verifyLastClient(randomName2, randomMail2, randomPhone2, \"Clients\");\ncy.wait(500);\ncy.percySnapshot(\"Last Client is edited and verified\");\ncy.wait(500);",
              "err": {},
              "uuid": "12761162-7664-496e-8827-9415d0d1ef09",
              "parentUUID": "ee937eb5-6083-4f4d-9a52-aeba38819658",
              "isHook": false,
              "skipped": false
            },
            {
              "title": "Delete last client",
              "fullTitle": "Testsuite Delete last client",
              "timedOut": null,
              "duration": 5496,
              "state": "passed",
              "speed": "slow",
              "pass": true,
              "fail": false,
              "pending": false,
              "context": null,
              "code": "indexPage.viewClients(\"Clients\");\ncy.wait(500);\ncy.percySnapshot(\"Clients page\"); //clientsPage.viewNewClient(\"New Client\")\nclientsPage.deleteLastClient();\ncy.wait(500);\ncy.percySnapshot(\"Last Client is removed\");\ncy.wait(500);",
              "err": {},
              "uuid": "04bedf81-ba07-45a2-b2fc-4dc176746102",
              "parentUUID": "ee937eb5-6083-4f4d-9a52-aeba38819658",
              "isHook": false,
              "skipped": false
            },
            {
              "title": "Create a new room",
              "fullTitle": "Testsuite Create a new room",
              "timedOut": null,
              "duration": 7509,
              "state": "passed",
              "speed": "slow",
              "pass": true,
              "fail": false,
              "pending": false,
              "context": null,
              "code": "indexPage.viewRooms(\"Rooms\");\ncy.wait(500);\ncy.percySnapshot(\"Rooms page\");\nroomsPage.viewNewRoom(\"New Room\");\ncy.wait(500);\ncy.percySnapshot(\"New Room Page\");\nnewRoomPage.createNewRoom(randomCategory, randomNumber, randomFloor, randomPrice, randomFeature, \"Rooms\");\ncy.wait(500);\nif (randomFeature == \"sea_view\") {\n  randomFeature = \"sea view\";\n}\nroomsPage.verifyLastRoom(randomCategory, randomNumber, randomFloor, randomPrice, randomFeature);\ncy.wait(500);\ncy.percySnapshot(\"New Room is created and verified\");\ncy.wait(500);",
              "err": {},
              "uuid": "17930bba-0d6a-42b1-9cfd-8400d501397a",
              "parentUUID": "ee937eb5-6083-4f4d-9a52-aeba38819658",
              "isHook": false,
              "skipped": false
            },
            {
              "title": "Edit last room",
              "fullTitle": "Testsuite Edit last room",
              "timedOut": null,
              "duration": 7499,
              "state": "passed",
              "speed": "slow",
              "pass": true,
              "fail": false,
              "pending": false,
              "context": null,
              "code": "indexPage.viewRooms(\"Rooms\");\ncy.wait(500);\ncy.percySnapshot(\"Rooms page\");\nroomsPage.editLastRoom(randomCategory2, randomNumber2, randomFloor2, randomPrice2, randomFeature2, \"Rooms\");\ncy.wait(500);\nif (randomFeature2 == \"sea_view\") {\n  randomFeature2 = \"sea view\";\n}\nroomsPage.verifyLastRoom(randomCategory2, randomNumber2, randomFloor2, randomPrice2, randomFeature2);\ncy.wait(500);\ncy.percySnapshot(\"Last room is edited and verified\");\ncy.wait(500);",
              "err": {},
              "uuid": "ec3370ee-b94d-456a-9c86-cc1438486057",
              "parentUUID": "ee937eb5-6083-4f4d-9a52-aeba38819658",
              "isHook": false,
              "skipped": false
            },
            {
              "title": "Delete last room",
              "fullTitle": "Testsuite Delete last room",
              "timedOut": null,
              "duration": 5379,
              "state": "passed",
              "speed": "slow",
              "pass": true,
              "fail": false,
              "pending": false,
              "context": null,
              "code": "indexPage.viewRooms(\"Rooms\");\ncy.wait(500);\ncy.percySnapshot(\"Rooms page\"); //clientsPage.viewNewClient(\"New Client\")\nroomsPage.deleteLastRoom();\ncy.wait(500);\ncy.percySnapshot(\"Last Room is removed\");\ncy.wait(500);",
              "err": {},
              "uuid": "98d79a17-ef18-4408-928b-9df7151eeb33",
              "parentUUID": "ee937eb5-6083-4f4d-9a52-aeba38819658",
              "isHook": false,
              "skipped": false
            },
            {
              "title": "Logout",
              "fullTitle": "Testsuite Logout",
              "timedOut": null,
              "duration": 4649,
              "state": "passed",
              "speed": "slow",
              "pass": true,
              "fail": false,
              "pending": false,
              "context": null,
              "code": "indexPage.logoutUser(\"Login\");\ncy.wait(500);\ncy.percySnapshot(\"User logges out and returns to Login page\");\ncy.wait(500);",
              "err": {},
              "uuid": "0a188fe4-d733-48b7-ae15-c911f059112f",
              "parentUUID": "ee937eb5-6083-4f4d-9a52-aeba38819658",
              "isHook": false,
              "skipped": false
            }
          ],
          "suites": [],
          "passes": [
            "d6d3198c-2f8d-491b-bec1-b42afdb07072",
            "12761162-7664-496e-8827-9415d0d1ef09",
            "04bedf81-ba07-45a2-b2fc-4dc176746102",
            "17930bba-0d6a-42b1-9cfd-8400d501397a",
            "ec3370ee-b94d-456a-9c86-cc1438486057",
            "98d79a17-ef18-4408-928b-9df7151eeb33",
            "0a188fe4-d733-48b7-ae15-c911f059112f"
          ],
          "failures": [],
          "pending": [],
          "skipped": [],
          "duration": 45959,
          "root": false,
          "rootEmpty": false,
          "_timeout": 2000
        }
      ],
      "passes": [],
      "failures": [],
      "pending": [],
      "skipped": [],
      "duration": 0,
      "root": true,
      "rootEmpty": true,
      "_timeout": 2000
    }
  ],
  "meta": {
    "mocha": {
      "version": "7.0.1"
    },
    "mochawesome": {
      "options": {
        "quiet": false,
        "reportFilename": "mochawesome",
        "saveHtml": true,
        "saveJson": true,
        "consoleReporter": "spec",
        "useInlineDiffs": false,
        "code": true
      },
      "version": "6.2.2"
    },
    "marge": {
      "options": {
        "reportDir": "cypress/report/mochawesome-report",
        "overwrite": false,
        "html": true,
        "json": true,
        "timestamp": "mmddyyyy_HHMMss"
      },
      "version": "5.2.0"
    }
  }
}