{
  "stats": {
    "suites": 1,
    "tests": 3,
    "passes": 2,
    "pending": 0,
    "failures": 1,
    "start": "2021-04-29T08:37:42.110Z",
    "end": "2021-04-29T08:38:11.413Z",
    "duration": 29303,
    "testsRegistered": 3,
    "passPercent": 66.66666666666666,
    "pendingPercent": 0,
    "other": 0,
    "hasOther": false,
    "skipped": 0,
    "hasSkipped": false
  },
  "results": [
    {
      "uuid": "738db37c-cdaf-4aa1-948d-ccec5324dc98",
      "title": "",
      "fullFile": "cypress/integration/page-objects.spec.js",
      "file": "cypress/integration/page-objects.spec.js",
      "beforeHooks": [],
      "afterHooks": [],
      "tests": [],
      "suites": [
        {
          "uuid": "554a3e94-6b1a-4a96-90d1-f8938e92931d",
          "title": "Testsuite",
          "fullFile": "",
          "file": "",
          "beforeHooks": [],
          "afterHooks": [],
          "tests": [
            {
              "title": "Create a new room",
              "fullTitle": "Testsuite Create a new room",
              "timedOut": null,
              "duration": 15189,
              "state": "failed",
              "speed": null,
              "pass": false,
              "fail": true,
              "pending": false,
              "context": null,
              "code": "indexPage.viewRooms(\"Rooms\");\nroomsPage.viewNewRoom(\"New Room\");\nnewRoomPage.createNewRoom(randomCategory, randomNumber, randomFloor, randomPrice, randomFeature, \"Rooms\");\ncy.wait(500);\nroomsPage.verifyLastRoom(randomCategory, randomNumber, randomFloor, randomPrice, randomFeature);\ncy.wait(500);",
              "err": {
                "message": "AssertionError: Timed out retrying after 4000ms: expected '<div.card.room>' to contain 'sea_view'",
                "estack": "AssertionError: Timed out retrying after 4000ms: expected '<div.card.room>' to contain 'sea_view'\n    at Object.verifyLastRoom (http://localhost:3000/__cypress/tests?p=cypress\\integration\\page-objects.spec.js:579:26)\n    at Context.eval (http://localhost:3000/__cypress/tests?p=cypress\\integration\\page-objects.spec.js:301:15)",
                "diff": null
              },
              "uuid": "6eee4909-ecf0-4f94-bae1-4876022182e9",
              "parentUUID": "554a3e94-6b1a-4a96-90d1-f8938e92931d",
              "isHook": false,
              "skipped": false
            },
            {
              "title": "Edit last room",
              "fullTitle": "Testsuite Edit last room",
              "timedOut": null,
              "duration": 5586,
              "state": "passed",
              "speed": "slow",
              "pass": true,
              "fail": false,
              "pending": false,
              "context": null,
              "code": "// indexPage.viewClients(\"Clients\")\n// clientsPage.viewNewClient(\"New Client\")\nindexPage.viewRooms(\"Rooms\");\nroomsPage.editLastRoom(randomCategory2, randomNumber2, randomFloor2, randomPrice2, randomFeature2, \"Rooms\");\ncy.wait(500);\nroomsPage.verifyLastRoom(randomCategory2, randomNumber2, randomFloor2, randomPrice2, randomFeature2);\ncy.wait(500);",
              "err": {},
              "uuid": "4123d224-f7f1-4ca7-bc5e-b0a6e0ea14e5",
              "parentUUID": "554a3e94-6b1a-4a96-90d1-f8938e92931d",
              "isHook": false,
              "skipped": false
            },
            {
              "title": "Delete last room",
              "fullTitle": "Testsuite Delete last room",
              "timedOut": null,
              "duration": 3813,
              "state": "passed",
              "speed": "slow",
              "pass": true,
              "fail": false,
              "pending": false,
              "context": null,
              "code": "indexPage.viewRooms(\"Rooms\"); //clientsPage.viewNewClient(\"New Client\")\nroomsPage.deleteLastRoom();\ncy.wait(500);",
              "err": {},
              "uuid": "ca12e1cd-46fd-4946-bbdb-76d085430659",
              "parentUUID": "554a3e94-6b1a-4a96-90d1-f8938e92931d",
              "isHook": false,
              "skipped": false
            }
          ],
          "suites": [],
          "passes": [
            "4123d224-f7f1-4ca7-bc5e-b0a6e0ea14e5",
            "ca12e1cd-46fd-4946-bbdb-76d085430659"
          ],
          "failures": [
            "6eee4909-ecf0-4f94-bae1-4876022182e9"
          ],
          "pending": [],
          "skipped": [],
          "duration": 24588,
          "root": false,
          "rootEmpty": false,
          "_timeout": 2000
        }
      ],
      "passes": [],
      "failures": [],
      "pending": [],
      "skipped": [],
      "duration": 0,
      "root": true,
      "rootEmpty": true,
      "_timeout": 2000
    }
  ],
  "meta": {
    "mocha": {
      "version": "7.0.1"
    },
    "mochawesome": {
      "options": {
        "quiet": false,
        "reportFilename": "mochawesome",
        "saveHtml": true,
        "saveJson": true,
        "consoleReporter": "spec",
        "useInlineDiffs": false,
        "code": true
      },
      "version": "6.2.2"
    },
    "marge": {
      "options": {
        "reportDir": "cypress/report/mochawesome-report",
        "overwrite": false,
        "html": true,
        "json": true,
        "timestamp": "mmddyyyy_HHMMss"
      },
      "version": "5.2.0"
    }
  }
}