{
  "stats": {
    "suites": 1,
    "tests": 3,
    "passes": 3,
    "pending": 0,
    "failures": 0,
    "start": "2021-04-29T14:53:25.776Z",
    "end": "2021-04-29T14:53:44.871Z",
    "duration": 19095,
    "testsRegistered": 3,
    "passPercent": 100,
    "pendingPercent": 0,
    "other": 0,
    "hasOther": false,
    "skipped": 0,
    "hasSkipped": false
  },
  "results": [
    {
      "uuid": "a659c0c3-1f88-40ea-a8f1-9766751e4902",
      "title": "",
      "fullFile": "cypress/integration/page-objects.spec.js",
      "file": "cypress/integration/page-objects.spec.js",
      "beforeHooks": [],
      "afterHooks": [],
      "tests": [],
      "suites": [
        {
          "uuid": "67fb4a0e-8627-4118-b614-39e6ea5394e5",
          "title": "Testsuite",
          "fullFile": "",
          "file": "",
          "beforeHooks": [],
          "afterHooks": [],
          "tests": [
            {
              "title": "Create a new room",
              "fullTitle": "Testsuite Create a new room",
              "timedOut": null,
              "duration": 5743,
              "state": "passed",
              "speed": "slow",
              "pass": true,
              "fail": false,
              "pending": false,
              "context": null,
              "code": "indexPage.viewRooms(\"Rooms\"); //cy.percySnapshot(\"Rooms\");\nroomsPage.viewNewRoom(\"New Room\"); //cy.percySnapshot(\"New Room\");\nnewRoomPage.createNewRoom(randomCategory, randomNumber, randomFloor, randomPrice, randomFeature, \"Rooms\");\ncy.wait(500);\nif (randomFeature == \"sea_view\") {\n  randomFeature = \"sea view\";\n}\nroomsPage.verifyLastRoom(randomCategory, randomNumber, randomFloor, randomPrice, randomFeature); //cy.percySnapshot(\"New Room is created and verified\");\ncy.wait(500);",
              "err": {},
              "uuid": "ffd321d1-29db-438d-ba66-dcda25f55604",
              "parentUUID": "67fb4a0e-8627-4118-b614-39e6ea5394e5",
              "isHook": false,
              "skipped": false
            },
            {
              "title": "Edit last room",
              "fullTitle": "Testsuite Edit last room",
              "timedOut": null,
              "duration": 5578,
              "state": "passed",
              "speed": "slow",
              "pass": true,
              "fail": false,
              "pending": false,
              "context": null,
              "code": "indexPage.viewRooms(\"Rooms\"); //cy.percySnapshot(\"Rooms\");\nroomsPage.editLastRoom(randomCategory2, randomNumber2, randomFloor2, randomPrice2, randomFeature2, \"Rooms\");\ncy.wait(500);\nif (randomFeature2 == \"sea_view\") {\n  randomFeature2 = \"sea view\";\n}\nroomsPage.verifyLastRoom(randomCategory2, randomNumber2, randomFloor2, randomPrice2, randomFeature2); //cy.percySnapshot(\"Last room is edited and verified\");\ncy.wait(500);",
              "err": {},
              "uuid": "cdcb5b6d-a650-44e5-aea7-41b2eb30d8f4",
              "parentUUID": "67fb4a0e-8627-4118-b614-39e6ea5394e5",
              "isHook": false,
              "skipped": false
            },
            {
              "title": "Delete last room",
              "fullTitle": "Testsuite Delete last room",
              "timedOut": null,
              "duration": 3376,
              "state": "passed",
              "speed": "slow",
              "pass": true,
              "fail": false,
              "pending": false,
              "context": null,
              "code": "//cy.percySnapshot(\"Rooms\");\nindexPage.viewRooms(\"Rooms\"); //clientsPage.viewNewClient(\"New Client\")\nroomsPage.deleteLastRoom(); //cy.percySnapshot(\"Last room is removed\");\ncy.wait(500);",
              "err": {},
              "uuid": "a084e96e-90e3-4e6d-b485-4400d956bcf7",
              "parentUUID": "67fb4a0e-8627-4118-b614-39e6ea5394e5",
              "isHook": false,
              "skipped": false
            }
          ],
          "suites": [],
          "passes": [
            "ffd321d1-29db-438d-ba66-dcda25f55604",
            "cdcb5b6d-a650-44e5-aea7-41b2eb30d8f4",
            "a084e96e-90e3-4e6d-b485-4400d956bcf7"
          ],
          "failures": [],
          "pending": [],
          "skipped": [],
          "duration": 14697,
          "root": false,
          "rootEmpty": false,
          "_timeout": 2000
        }
      ],
      "passes": [],
      "failures": [],
      "pending": [],
      "skipped": [],
      "duration": 0,
      "root": true,
      "rootEmpty": true,
      "_timeout": 2000
    }
  ],
  "meta": {
    "mocha": {
      "version": "7.0.1"
    },
    "mochawesome": {
      "options": {
        "quiet": false,
        "reportFilename": "mochawesome",
        "saveHtml": true,
        "saveJson": true,
        "consoleReporter": "spec",
        "useInlineDiffs": false,
        "code": true
      },
      "version": "6.2.2"
    },
    "marge": {
      "options": {
        "reportDir": "cypress/report/mochawesome-report",
        "overwrite": false,
        "html": true,
        "json": true,
        "timestamp": "mmddyyyy_HHMMss"
      },
      "version": "5.2.0"
    }
  }
}